


R2>
R2>terminal width 511
R2>terminal length 0
R2>
R2>
R2>enable
Password: 
R2#
R2#
R2#
R2#
R2#
R2#terminal length 0
R2#
R2#
R2#
R2#
R2#
R2#show run
Building configuration...

Current configuration : 3733 bytes
!
! Last configuration change at 20:58:51 UTC Wed Aug 20 2025 by ********
!
version 17.12
service timestamps debug datetime msec
service timestamps log datetime msec
!
hostname R2
!
boot-start-marker
boot-end-marker
!
!
vrf definition Mgmt-intf
 !
 address-family ipv4
 exit-address-family
!
no logging console
no aaa new-model
!
!
!
!
!
!
!
!
!
!
!
!
!
ip domain name virl.info
ip cef
login on-success log
no ipv6 cef
!
!
!
!
!
!
!
!
multilink bundle-name authenticated
!
!
crypto pki trustpoint TP-self-signed-131184642
 enrollment selfsigned
 subject-name cn=IOS-Self-Signed-Certificate-131184642
 revocation-check none
 rsakeypair TP-self-signed-131184642
 hash sha256
!
!
crypto pki certificate chain TP-self-signed-131184642
 certificate self-signed 01
  3082032E 30820216 A0030201 02020101 300D0609 2A864886 F70D0101 0B050030 
  30312E30 2C060355 04030C25 494F532D 53656C66 2D536967 6E65642D 43657274 
  69666963 6174652D 31333131 38343634 32301E17 0D323431 30303931 37323934 
  345A170D 33343130 30393137 32393434 5A303031 2E302C06 03550403 0C25494F 
  532D5365 6C662D53 69676E65 642D4365 72746966 69636174 652D3133 31313834 
  36343230 82012230 0D06092A 864886F7 0D010101 05000382 010F0030 82010A02 
  82010100 D7433C05 92735565 52DDFF41 9BAE7174 012E432F 03CD0AB3 9BF1E1E3 
  793A7BDD 1163BDED 17FB212D 0F0E0094 5CEA1BAF 6F4B4C6D 9C9BE9A3 CDCF2EB5 
  4E3C211F 6D946226 EB03A1F9 E1A39806 592AFE05 20801F71 A0A64F38 81949DA2 
  B28FF47F D341A1AE 12ABB610 EA70D7B7 E62367D0 BC79AE71 538CF6C2 8A771310 
  D20504A8 3C346542 C96F4D83 DE7B80C6 6FCB6028 FB61952C ABCBEDE4 FF506C48 
  D18DA942 7C99189C 4E280063 42D74696 2F3F3775 76BA7436 14E5CCA0 783A160F 
  E719F162 EA2C5678 79A749AB 8EC86613 A6E3A6A3 3E2C9B4E 54519CB6 25FA9F6E 
  8644815E E000E0F8 4840FC02 E2E5CD50 E2F27D88 8AB9C8B0 97D97314 6CF6DBAE 
  011B0F29 02030100 01A35330 51301D06 03551D0E 04160414 A5138F07 13DB69DE 
  97F50D83 66BCD9CD 914BC4E6 301F0603 551D2304 18301680 14A5138F 0713DB69 
  DE97F50D 8366BCD9 CD914BC4 E6300F06 03551D13 0101FF04 05300301 01FF300D 
  06092A86 4886F70D 01010B05 00038201 01003582 2442D7CB F69F7D47 CD4C80CE 
  2F45E511 EF496F1F 23D93CB8 8CA8AFBE 40E74D01 D4B0590B A9F79FE3 4AB1E1C5 
  CAA21668 81BAB140 FB747435 DED2B97C 8EED30F5 652A822F 0F12E0B0 32E1E034 
  46264104 D424576F EF1F7E4B EAF8DBDC 96DC21E8 6C5F2265 3D879715 A2C23092 
  5D50E767 FB9D8EC8 E29C9D9D 9C92A94A F60469F4 9BE5711E 1C8997B0 119CCBF1 
  8FF831A6 C5BE858E 253CBFBB FECBDC0C E568804C E6D60C5F EE01205D 110D9C6A 
  B86D7D85 BB8A0F19 8B19DC3F F4D0D11F 14F15EC5 924F09FA 953238B5 A0C7BDCA 
  7BC93181 B5AC1E93 F42AFAC3 D789A861 81F4EEFE 9E06F3B7 7A2662D9 A01CCB5F 
  71313464 37CE3F55 3D8720CF D7091954 D88D
  	quit
!
!
memory free low-watermark processor 81225
!
!
spanning-tree mode rapid-pvst
!
enable password ********
!
username ******** password 0 ********
!
!
!
!
!
! 
!
!
!
!
!
!
!
!
!
!
!
!
!
!
!
interface Loopback100
 description NORNIR_TEST
 ip address 100.100.100.100 255.255.255.255
!
interface Ethernet0/0
 ip address 20.20.20.100 255.255.255.0
!
interface Ethernet0/1
 ip address 1.1.1.2 255.255.255.0
!
interface Ethernet0/2
 description to port1.sandbox-backend
 vrf forwarding Mgmt-intf
 ip address 10.10.20.172 255.255.255.0
 no mop enabled
 no mop sysid
!
interface Ethernet0/3
 no ip address
 shutdown
!
ip forward-protocol nd
!
!
ip http server
ip http secure-server
ip route 10.10.10.0 255.255.255.0 1.1.1.1
ip route vrf Mgmt-intf 0.0.0.0 0.0.0.0 10.10.20.254
ip ssh bulk-mode 131072
ip ssh server algorithm authentication password
!
!
!
!
!
control-plane
!
!
!
line con 0
 exec-timeout 0 0
 password ********
 logging synchronous
 stopbits 1
line aux 0
line vty 0 4
 exec-timeout 0 0
 password ********
 login local
 transport input telnet ssh
!
!
!
!
end

R2#